2015-12-15 15:54:28  [ main:0 ] - [ INFO ]  Root WebApplicationContext: initialization started
2015-12-15 15:54:28  [ main:90 ] - [ INFO ]  Refreshing Root WebApplicationContext: startup date [Tue Dec 15 15:54:28 CST 2015]; root of context hierarchy
2015-12-15 15:54:28  [ main:136 ] - [ INFO ]  Loading XML bean definitions from ServletContext resource [/WEB-INF/applicationContext.xml]
2015-12-15 15:54:29  [ main:278 ] - [ INFO ]  Root WebApplicationContext: initialization completed in 276 ms
2015-12-15 15:54:29  [ main:327 ] - [ INFO ]  FrameworkServlet 'dispatcherServlet': initialization started
2015-12-15 15:54:29  [ main:332 ] - [ INFO ]  Refreshing WebApplicationContext for namespace 'dispatcherServlet-servlet': startup date [Tue Dec 15 15:54:29 CST 2015]; parent: Root WebApplicationContext
2015-12-15 15:54:29  [ main:334 ] - [ INFO ]  Loading XML bean definitions from ServletContext resource [/WEB-INF/dispatcherServlet-servlet.xml]
2015-12-15 15:54:30  [ main:1347 ] - [ INFO ]  Mapped "{[/admin/login.html],methods=[],params=[],headers=[],consumes=[],produces=[],custom=[]}" onto public java.lang.String com.smart.web.LoginController.loginPage()
2015-12-15 15:54:30  [ main:1348 ] - [ INFO ]  Mapped "{[/admin/loginCheck.html],methods=[],params=[],headers=[],consumes=[],produces=[],custom=[]}" onto public org.springframework.web.servlet.ModelAndView com.smart.web.LoginController.loginCheck(javax.servlet.http.HttpServletRequest,javax.servlet.http.HttpServletResponse,com.smart.web.LoginCommand)
2015-12-15 15:54:30  [ main:1404 ] - [ INFO ]  HV000001: Hibernate Validator 5.2.2.Final
2015-12-15 15:54:30  [ main:2035 ] - [ INFO ]  Looking for @ControllerAdvice: WebApplicationContext for namespace 'dispatcherServlet-servlet': startup date [Tue Dec 15 15:54:29 CST 2015]; parent: Root WebApplicationContext
2015-12-15 15:54:30  [ main:2130 ] - [ INFO ]  Looking for @ControllerAdvice: WebApplicationContext for namespace 'dispatcherServlet-servlet': startup date [Tue Dec 15 15:54:29 CST 2015]; parent: Root WebApplicationContext
2015-12-15 15:54:31  [ main:2619 ] - [ INFO ]  FrameworkServlet 'dispatcherServlet': initialization completed in 2291 ms
2015-12-15 15:54:41  [ btpool0-1:12541 ] - [ ERROR ]  this is an error message 
java.lang.Exception: Testing
	at com.smart.web.LoginController.loginCheck(LoginController.java:39)
	at sun.reflect.NativeMethodAccessorImpl.invoke0(Native Method)
	at sun.reflect.NativeMethodAccessorImpl.invoke(NativeMethodAccessorImpl.java:39)
	at sun.reflect.DelegatingMethodAccessorImpl.invoke(DelegatingMethodAccessorImpl.java:25)
	at java.lang.reflect.Method.invoke(Method.java:597)
	at org.springframework.web.method.support.InvocableHandlerMethod.doInvoke(InvocableHandlerMethod.java:221)
	at org.springframework.web.method.support.InvocableHandlerMethod.invokeForRequest(InvocableHandlerMethod.java:137)
	at org.springframework.web.servlet.mvc.method.annotation.ServletInvocableHandlerMethod.invokeAndHandle(ServletInvocableHandlerMethod.java:110)
	at org.springframework.web.servlet.mvc.method.annotation.RequestMappingHandlerAdapter.invokeHandleMethod(RequestMappingHandlerAdapter.java:777)
	at org.springframework.web.servlet.mvc.method.annotation.RequestMappingHandlerAdapter.handleInternal(RequestMappingHandlerAdapter.java:706)
	at org.springframework.web.servlet.mvc.method.AbstractHandlerMethodAdapter.handle(AbstractHandlerMethodAdapter.java:85)
	at org.springframework.web.servlet.DispatcherServlet.doDispatch(DispatcherServlet.java:943)
	at org.springframework.web.servlet.DispatcherServlet.doService(DispatcherServlet.java:877)
	at org.springframework.web.servlet.FrameworkServlet.processRequest(FrameworkServlet.java:966)
	at org.springframework.web.servlet.FrameworkServlet.doGet(FrameworkServlet.java:857)
	at javax.servlet.http.HttpServlet.service(HttpServlet.java:707)
	at org.springframework.web.servlet.FrameworkServlet.service(FrameworkServlet.java:842)
	at javax.servlet.http.HttpServlet.service(HttpServlet.java:820)
	at org.mortbay.jetty.servlet.ServletHolder.handle(ServletHolder.java:487)
	at org.mortbay.jetty.servlet.ServletHandler$CachedChain.doFilter(ServletHandler.java:1093)
	at org.springframework.web.filter.HiddenHttpMethodFilter.doFilterInternal(HiddenHttpMethodFilter.java:77)
	at org.springframework.web.filter.OncePerRequestFilter.doFilter(OncePerRequestFilter.java:107)
	at org.mortbay.jetty.servlet.ServletHandler$CachedChain.doFilter(ServletHandler.java:1084)
	at org.mortbay.jetty.servlet.ServletHandler.handle(ServletHandler.java:360)
	at org.mortbay.jetty.security.SecurityHandler.handle(SecurityHandler.java:216)
	at org.mortbay.jetty.servlet.SessionHandler.handle(SessionHandler.java:181)
	at org.mortbay.jetty.handler.ContextHandler.handle(ContextHandler.java:712)
	at org.mortbay.jetty.webapp.WebAppContext.handle(WebAppContext.java:405)
	at org.mortbay.jetty.handler.ContextHandlerCollection.handle(ContextHandlerCollection.java:211)
	at org.mortbay.jetty.handler.HandlerCollection.handle(HandlerCollection.java:114)
	at org.mortbay.jetty.handler.HandlerWrapper.handle(HandlerWrapper.java:139)
	at org.mortbay.jetty.Server.handle(Server.java:313)
	at org.mortbay.jetty.HttpConnection.handleRequest(HttpConnection.java:506)
	at org.mortbay.jetty.HttpConnection$RequestHandler.headerComplete(HttpConnection.java:830)
	at org.mortbay.jetty.HttpParser.parseNext(HttpParser.java:514)
	at org.mortbay.jetty.HttpParser.parseAvailable(HttpParser.java:211)
	at org.mortbay.jetty.HttpConnection.handle(HttpConnection.java:381)
	at org.mortbay.io.nio.SelectChannelEndPoint.run(SelectChannelEndPoint.java:396)
	at org.mortbay.thread.BoundedThreadPool$PoolThread.run(BoundedThreadPool.java:442)
2015-12-15 15:54:48  [ btpool0-2:19320 ] - [ ERROR ]  this is an error message 
java.lang.Exception: Testing
	at com.smart.web.LoginController.loginCheck(LoginController.java:39)
	at sun.reflect.NativeMethodAccessorImpl.invoke0(Native Method)
	at sun.reflect.NativeMethodAccessorImpl.invoke(NativeMethodAccessorImpl.java:39)
	at sun.reflect.DelegatingMethodAccessorImpl.invoke(DelegatingMethodAccessorImpl.java:25)
	at java.lang.reflect.Method.invoke(Method.java:597)
	at org.springframework.web.method.support.InvocableHandlerMethod.doInvoke(InvocableHandlerMethod.java:221)
	at org.springframework.web.method.support.InvocableHandlerMethod.invokeForRequest(InvocableHandlerMethod.java:137)
	at org.springframework.web.servlet.mvc.method.annotation.ServletInvocableHandlerMethod.invokeAndHandle(ServletInvocableHandlerMethod.java:110)
	at org.springframework.web.servlet.mvc.method.annotation.RequestMappingHandlerAdapter.invokeHandleMethod(RequestMappingHandlerAdapter.java:777)
	at org.springframework.web.servlet.mvc.method.annotation.RequestMappingHandlerAdapter.handleInternal(RequestMappingHandlerAdapter.java:706)
	at org.springframework.web.servlet.mvc.method.AbstractHandlerMethodAdapter.handle(AbstractHandlerMethodAdapter.java:85)
	at org.springframework.web.servlet.DispatcherServlet.doDispatch(DispatcherServlet.java:943)
	at org.springframework.web.servlet.DispatcherServlet.doService(DispatcherServlet.java:877)
	at org.springframework.web.servlet.FrameworkServlet.processRequest(FrameworkServlet.java:966)
	at org.springframework.web.servlet.FrameworkServlet.doPost(FrameworkServlet.java:868)
	at javax.servlet.http.HttpServlet.service(HttpServlet.java:727)
	at org.springframework.web.servlet.FrameworkServlet.service(FrameworkServlet.java:842)
	at javax.servlet.http.HttpServlet.service(HttpServlet.java:820)
	at org.mortbay.jetty.servlet.ServletHolder.handle(ServletHolder.java:487)
	at org.mortbay.jetty.servlet.ServletHandler$CachedChain.doFilter(ServletHandler.java:1093)
	at org.springframework.web.filter.HiddenHttpMethodFilter.doFilterInternal(HiddenHttpMethodFilter.java:77)
	at org.springframework.web.filter.OncePerRequestFilter.doFilter(OncePerRequestFilter.java:107)
	at org.mortbay.jetty.servlet.ServletHandler$CachedChain.doFilter(ServletHandler.java:1084)
	at org.mortbay.jetty.servlet.ServletHandler.handle(ServletHandler.java:360)
	at org.mortbay.jetty.security.SecurityHandler.handle(SecurityHandler.java:216)
	at org.mortbay.jetty.servlet.SessionHandler.handle(SessionHandler.java:181)
	at org.mortbay.jetty.handler.ContextHandler.handle(ContextHandler.java:712)
	at org.mortbay.jetty.webapp.WebAppContext.handle(WebAppContext.java:405)
	at org.mortbay.jetty.handler.ContextHandlerCollection.handle(ContextHandlerCollection.java:211)
	at org.mortbay.jetty.handler.HandlerCollection.handle(HandlerCollection.java:114)
	at org.mortbay.jetty.handler.HandlerWrapper.handle(HandlerWrapper.java:139)
	at org.mortbay.jetty.Server.handle(Server.java:313)
	at org.mortbay.jetty.HttpConnection.handleRequest(HttpConnection.java:506)
	at org.mortbay.jetty.HttpConnection$RequestHandler.content(HttpConnection.java:844)
	at org.mortbay.jetty.HttpParser.parseNext(HttpParser.java:644)
	at org.mortbay.jetty.HttpParser.parseAvailable(HttpParser.java:211)
	at org.mortbay.jetty.HttpConnection.handle(HttpConnection.java:381)
	at org.mortbay.io.nio.SelectChannelEndPoint.run(SelectChannelEndPoint.java:396)
	at org.mortbay.thread.BoundedThreadPool$PoolThread.run(BoundedThreadPool.java:442)
